2014-05-04 22:51:44.667 DigitalPassport[34387:80b] Multi-tasking -> Device: YES, App: YES
2014-05-04 22:51:44.676 DigitalPassport[34387:80b] Unlimited access to network resources
2014-05-04 22:51:44.884 DigitalPassport[34387:80b] Resetting plugins due to page load.
2014-05-04 22:51:45.126 DigitalPassport[34387:80b] Finished load of: file:///Users/khanhvu/Library/Application%20Support/iPhone%20Simulator/7.0.3/Applications/186EF033-BF2B-4E9F-BF8E-F4A98B5F210A/DigitalPassport.app/www/index.html
2014-05-04 22:51:47.566 DigitalPassport[34387:80b] THREAD WARNING: ['Camera'] took '60.892090' ms. Plugin should use a background thread.
2014-05-04 22:53:29.209 DigitalPassport[34650:80b] Multi-tasking -> Device: YES, App: YES
2014-05-04 22:53:29.218 DigitalPassport[34650:80b] Unlimited access to network resources
2014-05-04 22:53:29.385 DigitalPassport[34650:80b] Resetting plugins due to page load.
2014-05-04 22:53:29.679 DigitalPassport[34650:80b] Finished load of: file:///Users/khanhvu/Library/Application%20Support/iPhone%20Simulator/7.0.3/Applications/186EF033-BF2B-4E9F-BF8E-F4A98B5F210A/DigitalPassport.app/www/index.html
2014-05-04 22:53:31.812 DigitalPassport[34650:80b] THREAD WARNING: ['Camera'] took '44.729004' ms. Plugin should use a background thread.
2014-05-04 22:54:21.828 DigitalPassport[34910:80b] Multi-tasking -> Device: YES, App: YES
2014-05-04 22:54:21.838 DigitalPassport[34910:80b] Unlimited access to network resources
2014-05-04 22:54:22.005 DigitalPassport[34910:80b] Resetting plugins due to page load.
2014-05-04 22:54:22.286 DigitalPassport[34910:80b] Finished load of: file:///Users/khanhvu/Library/Application%20Support/iPhone%20Simulator/7.0.3/Applications/186EF033-BF2B-4E9F-BF8E-F4A98B5F210A/DigitalPassport.app/www/index.html
2014-05-04 22:54:53.756 DigitalPassport[34910:80b] THREAD WARNING: ['Camera'] took '42.757080' ms. Plugin should use a background thread.
2014-05-04 22:55:29.795 DigitalPassport[35174:80b] Multi-tasking -> Device: YES, App: YES
2014-05-04 22:55:29.804 DigitalPassport[35174:80b] Unlimited access to network resources
2014-05-04 22:55:30.011 DigitalPassport[35174:80b] Resetting plugins due to page load.
2014-05-04 22:55:30.254 DigitalPassport[35174:80b] Finished load of: file:///Users/khanhvu/Library/Application%20Support/iPhone%20Simulator/7.0.3/Applications/186EF033-BF2B-4E9F-BF8E-F4A98B5F210A/DigitalPassport.app/www/index.html
2014-05-04 22:55:33.884 DigitalPassport[35174:80b] THREAD WARNING: ['Camera'] took '43.320801' ms. Plugin should use a background thread.
2014-05-04 22:59:05.875 DigitalPassport[35449:80b] Multi-tasking -> Device: YES, App: YES
2014-05-04 22:59:05.884 DigitalPassport[35449:80b] Unlimited access to network resources
2014-05-04 22:59:06.050 DigitalPassport[35449:80b] Resetting plugins due to page load.
2014-05-04 22:59:06.345 DigitalPassport[35449:80b] Finished load of: file:///Users/khanhvu/Library/Application%20Support/iPhone%20Simulator/7.0.3/Applications/186EF033-BF2B-4E9F-BF8E-F4A98B5F210A/DigitalPassport.app/www/index.html
2014-05-04 22:59:22.032 DigitalPassport[35449:80b] THREAD WARNING: ['Camera'] took '43.052979' ms. Plugin should use a background thread.
2014-05-04 23:00:09.871 DigitalPassport[35740:80b] Multi-tasking -> Device: YES, App: YES
2014-05-04 23:00:09.880 DigitalPassport[35740:80b] Unlimited access to network resources
2014-05-04 23:00:10.059 DigitalPassport[35740:80b] Resetting plugins due to page load.
2014-05-04 23:00:10.373 DigitalPassport[35740:80b] Finished load of: file:///Users/khanhvu/Library/Application%20Support/iPhone%20Simulator/7.0.3/Applications/186EF033-BF2B-4E9F-BF8E-F4A98B5F210A/DigitalPassport.app/www/index.html
2014-05-04 23:02:28.719 DigitalPassport[35740:80b] THREAD WARNING: ['Camera'] took '42.695068' ms. Plugin should use a background thread.
Terminating in response to SpringBoard's termination.
2014-05-04 23:07:19.943 DigitalPassport[36045:80b] Multi-tasking -> Device: YES, App: YES
2014-05-04 23:07:19.952 DigitalPassport[36045:80b] Unlimited access to network resources
2014-05-04 23:07:20.122 DigitalPassport[36045:80b] Resetting plugins due to page load.
2014-05-04 23:07:20.398 DigitalPassport[36045:80b] Finished load of: file:///Users/khanhvu/Library/Application%20Support/iPhone%20Simulator/7.0.3/Applications/186EF033-BF2B-4E9F-BF8E-F4A98B5F210A/DigitalPassport.app/www/index.html
2014-05-04 23:07:22.767 DigitalPassport[36045:80b] THREAD WARNING: ['Camera'] took '47.144043' ms. Plugin should use a background thread.
Terminating in response to SpringBoard's termination.
2014-05-04 23:09:06.352 DigitalPassport[36313:80b] Multi-tasking -> Device: YES, App: YES
2014-05-04 23:09:06.362 DigitalPassport[36313:80b] Unlimited access to network resources
2014-05-04 23:09:06.434 DigitalPassport[36313:80b] Resetting plugins due to page load.
2014-05-04 23:09:06.755 DigitalPassport[36313:80b] Finished load of: file:///Users/khanhvu/Library/Application%20Support/iPhone%20Simulator/7.0.3/Applications/186EF033-BF2B-4E9F-BF8E-F4A98B5F210A/DigitalPassport.app/www/index.html
2014-05-04 23:09:28.001 DigitalPassport[36313:80b] THREAD WARNING: ['Camera'] took '42.506104' ms. Plugin should use a background thread.
2014-05-04 23:10:16.721 DigitalPassport[36576:80b] Multi-tasking -> Device: YES, App: YES
2014-05-04 23:10:16.730 DigitalPassport[36576:80b] Unlimited access to network resources
2014-05-04 23:10:16.895 DigitalPassport[36576:80b] Resetting plugins due to page load.
2014-05-04 23:10:17.177 DigitalPassport[36576:80b] Finished load of: file:///Users/khanhvu/Library/Application%20Support/iPhone%20Simulator/7.0.3/Applications/186EF033-BF2B-4E9F-BF8E-F4A98B5F210A/DigitalPassport.app/www/index.html
2014-05-04 23:10:25.221 DigitalPassport[36576:80b] THREAD WARNING: ['Camera'] took '42.152832' ms. Plugin should use a background thread.
2014-05-04 23:11:06.331 DigitalPassport[36837:80b] Multi-tasking -> Device: YES, App: YES
2014-05-04 23:11:06.340 DigitalPassport[36837:80b] Unlimited access to network resources
2014-05-04 23:11:06.509 DigitalPassport[36837:80b] Resetting plugins due to page load.
2014-05-04 23:11:06.784 DigitalPassport[36837:80b] Finished load of: file:///Users/khanhvu/Library/Application%20Support/iPhone%20Simulator/7.0.3/Applications/186EF033-BF2B-4E9F-BF8E-F4A98B5F210A/DigitalPassport.app/www/index.html
2014-05-04 23:11:29.610 DigitalPassport[36837:80b] THREAD WARNING: ['Camera'] took '42.672119' ms. Plugin should use a background thread.
2014-05-04 23:12:47.119 DigitalPassport[37100:80b] Multi-tasking -> Device: YES, App: YES
2014-05-04 23:12:47.128 DigitalPassport[37100:80b] Unlimited access to network resources
2014-05-04 23:12:47.318 DigitalPassport[37100:80b] Resetting plugins due to page load.
2014-05-04 23:12:47.558 DigitalPassport[37100:80b] Finished load of: file:///Users/khanhvu/Library/Application%20Support/iPhone%20Simulator/7.0.3/Applications/186EF033-BF2B-4E9F-BF8E-F4A98B5F210A/DigitalPassport.app/www/index.html
2014-05-04 23:12:56.686 DigitalPassport[37100:80b] THREAD WARNING: ['Camera'] took '42.055908' ms. Plugin should use a background thread.
2014-05-04 23:14:51.258 DigitalPassport[37367:80b] Multi-tasking -> Device: YES, App: YES
2014-05-04 23:14:51.268 DigitalPassport[37367:80b] Unlimited access to network resources
2014-05-04 23:14:51.430 DigitalPassport[37367:80b] Resetting plugins due to page load.
2014-05-04 23:14:51.717 DigitalPassport[37367:80b] Finished load of: file:///Users/khanhvu/Library/Application%20Support/iPhone%20Simulator/7.0.3/Applications/186EF033-BF2B-4E9F-BF8E-F4A98B5F210A/DigitalPassport.app/www/index.html
2014-05-04 23:14:56.703 DigitalPassport[37367:80b] THREAD WARNING: ['Camera'] took '41.728027' ms. Plugin should use a background thread.
